{"type":"server-started","port":54986,"host":"127.0.0.1","url_host":"localhost","url":"http://localhost:54986","screen_dir":"/Users/maverickhan17/Projects/asimkhan17790.github.io/.superpowers/brainstorm/57816-1778558268/content","state_dir":"/Users/maverickhan17/Projects/asimkhan17790.github.io/.superpowers/brainstorm/57816-1778558268/state"}
{"type":"screen-added","file":"/Users/maverickhan17/Projects/asimkhan17790.github.io/.superpowers/brainstorm/57816-1778558268/content/hero-image-layouts.html"}
{"source":"user-event","type":"click","text":"Asim Khan\n            while (alive) { learn(); build(); }\n            Resume →\n          \n          \n            \n            \n          \n        \n      \n    \n    \n      A — Split Screen Bleed\n      Image fills right half of hero, fades into background on the left edge. Text left-aligned. Editorial feel. Image slides in on load.","choice":"a","id":null,"timestamp":1778558336559}
{"source":"user-event","type":"click","text":"Asim Khan\n            while (alive) { learn(); build(); }\n            Resume →\n          \n          \n            \n            \n          \n        \n      \n    \n    \n      A — Split Screen Bleed\n      Image fills right half of hero, fades into background on the left edge. Text left-aligned. Editorial feel. Image slides in on load.","choice":"a","id":null,"timestamp":1778558337699}
{"source":"user-event","type":"click","text":"Asim Khan\n            while (alive) {  learn(); build();}\n            Resume →\n          \n        \n      \n    \n    \n      C — Floating Portrait + Glow\n      Circular avatar beside the text. Accent glow blob pulses behind it, matching existing blob animations. Spring scale-in on load. Most personal — face front and center.","choice":"c","id":null,"timestamp":1778558352133}
{"source":"user-event","type":"click","text":"Asim Khan\n            while (alive) { learn(); build(); }\n            Resume →\n          \n        \n      \n    \n    \n      B — Ghost Background\n      Low-opacity image wash behind the entire hero, fading out at edges via radial gradient. Existing blobs and noise overlay on top. Text stays centered. Very subtle.","choice":"b","id":null,"timestamp":1778558353748}
{"source":"user-event","type":"click","text":"Asim Khan\n            while (alive) { learn(); build(); }\n            Resume →\n          \n          \n            \n            \n          \n        \n      \n    \n    \n      A — Split Screen Bleed\n      Image fills right half of hero, fades into background on the left edge. Text left-aligned. Editorial feel. Image slides in on load.","choice":"a","id":null,"timestamp":1778558361157}
{"source":"user-event","type":"click","text":"Asim Khan\n            while (alive) { learn(); build(); }\n            Resume →\n          \n        \n      \n    \n    \n      B — Ghost Background\n      Low-opacity image wash behind the entire hero, fading out at edges via radial gradient. Existing blobs and noise overlay on top. Text stays centered. Very subtle.","choice":"b","id":null,"timestamp":1778558424250}
{"source":"user-event","type":"click","text":"Asim Khan\n            while (alive) { learn(); build(); }\n            Resume →\n          \n        \n      \n    \n    \n      B — Ghost Background\n      Low-opacity image wash behind the entire hero, fading out at edges via radial gradient. Existing blobs and noise overlay on top. Text stays centered. Very subtle.","choice":"b","id":null,"timestamp":1778558424901}
{"source":"user-event","type":"click","text":"Asim Khan\n            while (alive) { learn(); build(); }\n            Resume →\n          \n        \n      \n    \n    \n      B — Ghost Background\n      Low-opacity image wash behind the entire hero, fading out at edges via radial gradient. Existing blobs and noise overlay on top. Text stays centered. Very subtle.","choice":"b","id":null,"timestamp":1778558425085}
{"source":"user-event","type":"click","text":"Asim Khan\n            while (alive) { learn(); build(); }\n            Resume →\n          \n        \n      \n    \n    \n      B — Ghost Background\n      Low-opacity image wash behind the entire hero, fading out at edges via radial gradient. Existing blobs and noise overlay on top. Text stays centered. Very subtle.","choice":"b","id":null,"timestamp":1778558426818}
{"source":"user-event","type":"click","text":"Asim Khan\n            while (alive) { learn(); build(); }\n            Resume →\n          \n        \n      \n    \n    \n      B — Ghost Background\n      Low-opacity image wash behind the entire hero, fading out at edges via radial gradient. Existing blobs and noise overlay on top. Text stays centered. Very subtle.","choice":"b","id":null,"timestamp":1778558426985}
{"source":"user-event","type":"click","text":"Asim Khan\n            while (alive) { learn(); build(); }\n            Resume →\n          \n        \n      \n    \n    \n      B — Ghost Background\n      Low-opacity image wash behind the entire hero, fading out at edges via radial gradient. Existing blobs and noise overlay on top. Text stays centered. Very subtle.","choice":"b","id":null,"timestamp":1778558428534}
{"type":"screen-added","file":"/Users/maverickhan17/Projects/asimkhan17790.github.io/.superpowers/brainstorm/57816-1778558268/content/option-b-detail.html"}
{"type":"screen-added","file":"/Users/maverickhan17/Projects/asimkhan17790.github.io/.superpowers/brainstorm/57816-1778558268/content/option-b-v2.html"}
{"type":"screen-updated","file":"/Users/maverickhan17/Projects/asimkhan17790.github.io/.superpowers/brainstorm/57816-1778558268/content/option-b-detail.html"}
{"type":"screen-updated","file":"/Users/maverickhan17/Projects/asimkhan17790.github.io/.superpowers/brainstorm/57816-1778558268/content/option-b-detail.html"}
{"type":"screen-updated","file":"/Users/maverickhan17/Projects/asimkhan17790.github.io/.superpowers/brainstorm/57816-1778558268/content/option-b-detail.html"}
{"type":"screen-updated","file":"/Users/maverickhan17/Projects/asimkhan17790.github.io/.superpowers/brainstorm/57816-1778558268/content/option-b-detail.html"}
{"type":"screen-updated","file":"/Users/maverickhan17/Projects/asimkhan17790.github.io/.superpowers/brainstorm/57816-1778558268/content/option-b-detail.html"}
{"type":"screen-updated","file":"/Users/maverickhan17/Projects/asimkhan17790.github.io/.superpowers/brainstorm/57816-1778558268/content/option-b-v2.html"}
{"type":"screen-updated","file":"/Users/maverickhan17/Projects/asimkhan17790.github.io/.superpowers/brainstorm/57816-1778558268/content/option-b-v2.html"}
{"type":"screen-updated","file":"/Users/maverickhan17/Projects/asimkhan17790.github.io/.superpowers/brainstorm/57816-1778558268/content/option-b-detail.html"}
